113.2409
113.7843
113.4924
117.4699
113.4295
114.0455
114.1655
116.4672
115.3118
115.5446
112.6797
115.2604
115.2366
115.4283
115.4374
115.594
116.7343
115.4356
117.9706
113.8759
111.6584
113.4904
114.8805
116.1035
117.2116
113.0413
116.538
112.0707
116.5376
113.0847
113.0427
115.2617
115.7251
113.9326
115.689
114.7394
114.8518
117.1201
116.36
114.2551
116.8686
114.7308
115.1927
115.53
113.527
115.7448
115.5999
114.2841
114.3087
114.4219
114.1309
113.3277
113.2478
112.685
114.8926
115.4155
114.6141
113.0486
115.1101
115.5786
114.8849
114.6966
116.5376
116.1019
115.7875
113.1448
116.2822
115.0358
115.649
113.2598
111.8381
116.2942
113.9391
116.5599
114.6427
116.031
112.6275
114.5956
116.4412
112.3434
112.5138
113.9087
116.4885
114.7048
115.8117
113.4046
113.9479
114.8416
114.8239
114.126
116.4161
111.5762
113.8793
114.644
113.8352
116.4907
112.8512
113.7444
114.3414
112.901
114.9238
116.1533
116.4207
116.1398
113.3517
114.2168
114.4776
114.9419
113.8242
113.5127
112.5355
112.6895
115.8025
114.3607
117.132
115.1013
115.1532
113.1213
114.9711
114.7737
113.0785
113.5239
114.2806
114.5976
115.1238
113.4875
117.7116
115.5793
113.8814
115.4563
114.2538
115.1952
115.767
115.3758
116.0008
113.9224
116.3079
113.6939
116.8984
114.4566
112.8999
116.0833
115.4561
114.3822
114.9785
114.5602
114.1179
118.0246
111.1616
115.2905
116.4467
114.8402
114.8781
115.8135
113.5777
112.4299
116.1122
114.6781
115.5536
115.5777
116.4919
114.5778
114.0168
111.116
114.4513
113.2425
115.4861
115.8125
116.0712
114.9366
116.8577
114.5963
114.5917
115.7461
114.9801
113.8571
113.6468
113.7797
114.0946
115.395
114.5152
115.8944
116.4548
113.9883
114.7327
114.6092
114.2958
115.285
113.6228
115.0843
113.6265
114.1604
115.4577
114.2701
115.1832
112.7145
115.264
112.7236
115.2891
114.4974
115.1178
114.8859
116.0421
113.1365
115.5066
113.6899
115.0071
113.603
114.3968
115.5862
113.4997
114.8716
115.6268
113.7534
115.7834
116.5987
115.498
114.8952
114.3092
115.6366
86.4201
112.5523
117.896
115.4932
115.0129
112.5496
117.5954
114.2836
113.9994
113.4085
116.4264
114.6572
118.3052
114.059
114.6654
114.9408
112.5835
117.7056
114.2969
115.1525
114.788
112.9563
114.7788
115.2586
113.7114
115.8799
87.2915
115.2872
113.5022
113.4949
113.9452
114.0346
115.2945
115.2352
115.8797
116.4181
113.8184
113.512
114.747
114.7271
114.6869
112.6052
115.7289
114.8942
113.2453
115.9738
114.4462
113.9002
114.5079
115.6673
113.5382
116.55
115.334
113.0249
112.6124
111.0904
113.8007
113.4938
115.0568
115.6776
115.7628
115.3827
116.9115
115.3821
113.9355
113.5541
113.5399
117.666
113.7757
113.9397
113.6369
112.9888
113.5475
115.827
84.9079
114.8176
113.4272
113.0992
116.5445
112.7107
115.5593
114.2286
114.8223
116.9567
113.4795
115.2724
113.293
114.2433
114.2448
113.7989
115.3537
113.6004
114.9106
115.0158
115.5827
114.7644
113.9805
115.1606
116.6837
115.4367
113.4349
114.7652
114.9525
114.8755
115.0503
115.7063
114.1537
112.7224
113.8641
85.4521
112.7208
112.2501
114.796
115.3482
116.2643
114.1621
116.2199
115.6918
115.3402
116.5369
117.3354
116.5811
112.6768
115.4293
115.6619
115.3084
113.0606
114.1856
115.9302
114.1596
115.8318
115.8216
112.458
114.9782
113.9966
112.8529
114.5548
113.2935
116.2861
114.4418
113.4372
113.886
114.0719
114.4656
116.1904
114.6713
83.7512
113.6292
113.0921
115.7307
115.0559
114.9198
114.2674
115.207
116.7355
113.7453
114.7687
89.269
114.0121
115.2697
80.1835
115.6758
114.7233
112.9373
113.9085
117.0934
114.6372
115.2403
115.0823
114.8906
114.1458
116.0699
115.7452
116.49
115.4819
113.4603
115.1522
114.9429
114.1746
114.8762
112.5547
113.9098
115.9985
115.0982
114.7795
114.6212
115.678
114.515
114.26
114.8595
116.6731
114.3913
114.9798
114.2964
116.4142
114.8299
114.6778
113.3824
114.8986
113.1208
114.098
115.3952
114.9784
114.395
114.8654
113.9229
114.838
116.9673
114.7549
115.4767
112.2117
115.6573
115.7369
114.7559
84.6893
113.7411
114.472
116.7385
114.7805
114.05
117.1384
116.5105
117.5949
114.5183
114.6045
116.2345
115.5835
114.9803
113.967
114.2915
114.7657
115.0484
115.708
113.9361
113.7941
116.4759
114.6043
115.5178
112.8492
114.7051
113.2217
113.9557
113.7663
117.4746
114.9843
114.6355
115.7666
115.8383
113.3102
117.5608
115.676
116.5292
114.8597
113.9444
112.9796
113.9413
114.2543
115.1306
116.2186
114.4676
113.1876
116.8709
115.9907
113.5018
116.204
116.0838
116.4756
114.943
114.3499
116.1962
115.6817
113.8216
115.1262
114.1404
116.4547
111.8818
113.7335
113.7814
83.2327
117.6975
114.9624
113.6195
116.9659
113.7713
116.6809
112.8281
115.2227
113.8802
114.3933
115.5518
116.1899
114.5082
114.7822
116.7373
114.8061
116.2147
113.947
112.5758
112.9803
113.1393
114.901
117.4014
112.9045
113.3596
113.4453
116.7141
112.5214
115.6803
115.661
115.6981
114.0434
113.9766
115.5931
115.2511
112.9698
113.6057
115.73
113.25
113.7822
115.8426
114.4745
112.3015
113.6358
87.272
114.899
116.2087
113.5663
115.7886
116.5968
112.6138
86.0664
112.8904
115.995
115.5643
116.4879
115.5254
112.6966
113.1902
113.9716
116.3414
114.941
114.996
111.9921
113.7399
115.2739
113.8231
113.5353
113.2597
114.5348
113.7714
113.6368
108.7999
115.0261
116.1492
115.7629
115.965
113.7605
115.976
112.3348
116.4402
116.2857
113.5959
113.4917
114.9066
112.836
112.2944
114.3194
113.3857
111.107
115.442
113.9081
115.4885
113.5311
116.1274
87.9941
114.5144
113.274
114.7742
115.5103
113.9648
118.2471
114.402
114.0223
113.6713
112.9851
114.9705
117.2864
114.0603
114.4167
114.2735
113.9152
115.5506
114.698
115.5022
112.9344
114.6714
113.0923
115.3924
114.5053
114.572
115.6586
114.5355
114.6109
115.1328
116.1363
113.8974
115.2576
116.7438
114.728
114.5944
115.0566
116.4849
113.666
113.6722
112.9782
114.2813
113.8488
114.0023
112.6087
114.0093
115.451
113.7362
116.2447
116.2432
114.481
116.5424
116.8582
114.441
113.7187
114.4514
115.6754
115.5694
116.8519
115.7343
114.3866
113.2346
114.1403
112.1554
112.4869
113.782
116.2062
112.9206
112.7902
114.9527
113.5573
115.8993
114.7963
114.4134
115.5146
114.0774
116.7449
116.385
115.0979
116.2879
114.2731
113.9382
115.2994
116.5343
114.0851
113.9258
115.9057
114.5283
115.0694
112.5788
114.848
112.6888
114.6936
113.7442
84.7703
112.6632
113.1926
112.4677
113.711
114.2901
115.0269
114.854
114.4797
114.1426
114.514
114.7453
114.3752
115.0129
116.4045
114.3963
115.9903
115.1397
117.0399
115.6387
116.2969
114.5773
114.9266
116.6893
114.6433
90.4334
115.5301
116.4496
114.4769
114.1568
113.4302
117.1238
114.3952
113.3264
115.7927
113.1131
114.6018
113.3455
115.4505
114.0948
113.5836
116.8835
114.7338
114.7182
114.5571
85.6781
113.5454
113.0418
114.0738
116.1137
114.9237
116.678
113.0867
114.1084
113.7683
115.1518
114.0438
114.3174
115.1044
116.8256
114.746
114.3278
114.316
115.8843
114.8809
115.7064
113.4087
113.5032
113.4887
110.4962
115.2912
113.9001
114.5366
115.8932
116.2709
113.4248
113.7481
114.7058
112.9147
113.3452
113.4386
113.248
114.7839
112.1672
114.7235
114.0674
113.5316
115.1099
113.6939
114.5913
114.4182
114.3335
114.9651
115.3142
117.2776
115.7909
118.5155
115.8096
116.8208
114.4759
115.5816
115.8882
117.1825
115.6877
114.9409
115.6737
114.9263
115.9891
115.6797
100.3115
113.8864
116.3252
113.6264
116.0918
98.2035
113.7675
113.6095
112.5416
102.1215
114.9844
115.487
115.389
115.0084
114.8694
114.7515
115.365
116.3504
115.6107
115.2425
116.8666
115.1278
100.0931
113.895
116.753
115.6549
112.8044
114.1713
115.9051
112.3764
115.5038
116.4891
115.1151
114.1188
115.7585
115.4335
113.1596
115.2464
115.1053
115.7704
116.9424
110.9811
113.96
116.2909
116.0853
113.8304
114.6611
115.08
113.3472
114.7847
114.225
115.1965
114.3146
114.6137
114.7348
114.3232
115.8114
115.2465
112.0508
113.3919
115.9349
114.1388
116.366
116.3525
114.2374
115.6104
113.5603
114.4566
115.6937
113.4906
117.0166
112.6195
113.5902
112.316
112.4087
114.1547
114.2791
112.5759
116.5775
115.1599
115.9668
115.2879
114.8821
113.9844
114.7019
116.4948
115.0134
114.6042
114.1216
115.3193
113.6856
114.9007
114.4295
115.4314
112.8093
114.355
112.5374
113.2292
113.4648
113.5255
115.0345
114.6785
110.4233
117.6868
115.614
115.9579
114.7893
103.989
116.2192
114.2729
114.9255
115.2953
115.0155
116.0663
115.1915
114.3166
112.763
113.0256
113.8268
115.7898
112.3451
117.5449
112.4526
114.976
113.3703
115.4889
118.6681
113.1734
116.272
115.2749
114.6274
116.1148
113.8107
113.2486
114.7013
115.2249
116.5452
116.1758
115.264
115.8667
116.9465
112.4893
113.1971
113.9539
114.9802
114.1751
115.1722
114.9554
113.2399
114.4316
114.5114
116.4434
115.6303
116.0237
116.5337
114.2624
114.4064
114.2
113.8769
117.7448
114.471
114.3459
112.8422
114.511
115.0871
116.1773
116.0005
115.1419
112.7957
113.8858
114.7527
111.9096
115.1263
116.0202
114.9799
113.3021
113.0308
114.1836
118.7771
114.5049
113.8511
115.2733
113.98
117.5096
113.6506
114.3808
114.5181
113.7675
115.0024
114.1075
115.1032
114.7561
116.6008
114.0435
115.2118
112.8531
113.8596
84.1635
116.382
115.3367
115.2164
115.8627
113.0782
